0 info it worked if it ends with ok
1 verbose cli [ 'D:\\Program Files\\nodejs\\node.exe',
1 verbose cli   'D:\\Program Files\\nodejs\\node_modules\\npm\\bin\\npm-cli.js',
1 verbose cli   'run',
1 verbose cli   'test' ]
2 info using npm@3.10.9
3 info using node@v7.2.0
4 verbose run-script [ 'pretest', 'test', 'posttest' ]
5 info lifecycle mega@0.5.1~pretest: mega@0.5.1
6 silly lifecycle mega@0.5.1~pretest: no script for pretest, continuing
7 info lifecycle mega@0.5.1~test: mega@0.5.1
8 verbose lifecycle mega@0.5.1~test: unsafe-perm in lifecycle true
9 verbose lifecycle mega@0.5.1~test: PATH: D:\Program Files\nodejs\node_modules\npm\bin\node-gyp-bin;D:\Gustavo\Documents\OtherProjects\mega\node_modules\.bin;C:\Program Files (x86)\Microsoft Visual Studio 8\VC\vcpackages;C:\Program Files\Common Files\Autodesk Shared;C:\ProgramData\Oracle\Java\javapath;C:\ProgramData\chocolatey\bin;C:\Users\Gustavo\AppData\Roaming\npm;C:\Windows;C:\Windows\System32;C:\Windows\System32\Wbem;C:\Windows\System32\WindowsPowerShell\v1.0;D:\Gustavo\Python27\Scripts;D:\Gustavo\Python\Python35-32\Scripts;D:\Gustavo\Ruby\bin;D:\Gustavo\android\sdk\platform-tools;D:\Gustavo\android\sdk\tools;D:\Gustavo\ant\bin;D:\Gustavo\xampp\php;D:\OpenSSL\bin;D:\Program Files\7-Zip;D:\Program Files\Git\cmd;D:\Program Files\GraphicsMagick-1.3.20-Q16;D:\Program Files\ImageMagick-6.8.9-Q16;D:\Program Files\Microsoft Network Monitor 3;D:\Program Files\PuTTY;D:\Program Files\Skype\Phone;D:\Program Files\Tesseract-OCR;D:\Program Files\TortoiseGit\bin;D:\Program Files\nodejs;D:\cygwin64\bin;D:\Program Files\Tesseract-OCR;D:\Gustavo\Documents\gpg4usb\bin;D:\Program Files\Tesseract-OCR;C:\Users\Gustavo\AppData\Roaming\npm
10 verbose lifecycle mega@0.5.1~test: CWD: D:\Gustavo\Documents\OtherProjects\mega
11 silly lifecycle mega@0.5.1~test: Args: [ '/d /s /c', 'standard && node test' ]
12 silly lifecycle mega@0.5.1~test: Returned: code: 1  signal: null
13 info lifecycle mega@0.5.1~test: Failed to exec test script
14 verbose stack Error: mega@0.5.1 test: `standard && node test`
14 verbose stack Exit status 1
14 verbose stack     at EventEmitter.<anonymous> (D:\Program Files\nodejs\node_modules\npm\lib\utils\lifecycle.js:255:16)
14 verbose stack     at emitTwo (events.js:106:13)
14 verbose stack     at EventEmitter.emit (events.js:191:7)
14 verbose stack     at ChildProcess.<anonymous> (D:\Program Files\nodejs\node_modules\npm\lib\utils\spawn.js:40:14)
14 verbose stack     at emitTwo (events.js:106:13)
14 verbose stack     at ChildProcess.emit (events.js:191:7)
14 verbose stack     at maybeClose (internal/child_process.js:885:16)
14 verbose stack     at Process.ChildProcess._handle.onexit (internal/child_process.js:226:5)
15 verbose pkgid mega@0.5.1
16 verbose cwd D:\Gustavo\Documents\OtherProjects\mega
17 error Windows_NT 6.1.7601
18 error argv "D:\\Program Files\\nodejs\\node.exe" "D:\\Program Files\\nodejs\\node_modules\\npm\\bin\\npm-cli.js" "run" "test"
19 error node v7.2.0
20 error npm  v3.10.9
21 error code ELIFECYCLE
22 error mega@0.5.1 test: `standard && node test`
22 error Exit status 1
23 error Failed at the mega@0.5.1 test script 'standard && node test'.
23 error Make sure you have the latest version of node.js and npm installed.
23 error If you do, this is most likely a problem with the mega package,
23 error not with npm itself.
23 error Tell the author that this fails on your system:
23 error     standard && node test
23 error You can get information on how to open an issue for this project with:
23 error     npm bugs mega
23 error Or if that isn't available, you can get their info via:
23 error     npm owner ls mega
23 error There is likely additional logging output above.
24 verbose exit [ 1, true ]
